2022-07-07 08:36:12.868  WARN 2952 --- [HikariPool-1 housekeeper] com.zaxxer.hikari.pool.HikariPool        : HikariPool-1 - Thread starvation or clock leap detected (housekeeper delta=1h22m41s554ms52µs400ns).
2022-07-07 09:13:46.835  WARN 2952 --- [HikariPool-1 housekeeper] com.zaxxer.hikari.pool.HikariPool        : HikariPool-1 - Thread starvation or clock leap detected (housekeeper delta=16m3s241ms887µs700ns).
2022-07-07 09:32:01.286  WARN 2952 --- [HikariPool-1 housekeeper] com.zaxxer.hikari.pool.HikariPool        : HikariPool-1 - Thread starvation or clock leap detected (housekeeper delta=3m14s221ms430µs300ns).
2022-07-07 10:45:16.893  WARN 2952 --- [HikariPool-1 housekeeper] com.zaxxer.hikari.pool.HikariPool        : HikariPool-1 - Thread starvation or clock leap detected (housekeeper delta=58m15s389ms388µs).
2022-07-07 17:43:33.696  INFO 10320 --- [main] com.home.books.BooksApplication          : Starting BooksApplication using Java 1.8.0_271 on LAPTOP-LMLI7604 with PID 10320 (D:\Spring_HomeLibrarySystem\books\target\classes started by myclo in D:\Spring_HomeLibrarySystem\books)
2022-07-07 17:43:33.727  INFO 10320 --- [main] com.home.books.BooksApplication          : No active profile set, falling back to 1 default profile: "default"
2022-07-07 17:43:35.167  INFO 10320 --- [main] .s.d.r.c.RepositoryConfigurationDelegate : Bootstrapping Spring Data JPA repositories in DEFAULT mode.
2022-07-07 17:43:35.325  INFO 10320 --- [main] .s.d.r.c.RepositoryConfigurationDelegate : Finished Spring Data repository scanning in 119 ms. Found 3 JPA repository interfaces.
2022-07-07 17:43:37.772  INFO 10320 --- [main] o.s.b.w.embedded.tomcat.TomcatWebServer  : Tomcat initialized with port(s): 9099 (http)
2022-07-07 17:43:37.788  INFO 10320 --- [main] o.apache.catalina.core.StandardService   : Starting service [Tomcat]
2022-07-07 17:43:37.788  INFO 10320 --- [main] org.apache.catalina.core.StandardEngine  : Starting Servlet engine: [Apache Tomcat/9.0.64]
2022-07-07 17:43:38.262  INFO 10320 --- [main] o.a.c.c.C.[Tomcat].[localhost].[/]       : Initializing Spring embedded WebApplicationContext
2022-07-07 17:43:38.262  INFO 10320 --- [main] w.s.c.ServletWebServerApplicationContext : Root WebApplicationContext: initialization completed in 4403 ms
2022-07-07 17:43:38.770  INFO 10320 --- [main] o.hibernate.jpa.internal.util.LogHelper  : HHH000204: Processing PersistenceUnitInfo [name: default]
2022-07-07 17:43:38.848  INFO 10320 --- [main] org.hibernate.Version                    : HHH000412: Hibernate ORM core version 5.6.9.Final
2022-07-07 17:43:39.243  INFO 10320 --- [main] o.hibernate.annotations.common.Version   : HCANN000001: Hibernate Commons Annotations {5.1.2.Final}
2022-07-07 17:43:39.551  INFO 10320 --- [main] com.zaxxer.hikari.HikariDataSource       : HikariPool-1 - Starting...
2022-07-07 17:43:40.963  INFO 10320 --- [main] com.zaxxer.hikari.HikariDataSource       : HikariPool-1 - Start completed.
2022-07-07 17:43:40.994  INFO 10320 --- [main] org.hibernate.dialect.Dialect            : HHH000400: Using dialect: org.hibernate.dialect.MySQL8Dialect
2022-07-07 17:43:42.066  INFO 10320 --- [main] o.h.e.t.j.p.i.JtaPlatformInitiator       : HHH000490: Using JtaPlatform implementation: [org.hibernate.engine.transaction.jta.platform.internal.NoJtaPlatform]
2022-07-07 17:43:42.082  INFO 10320 --- [main] j.LocalContainerEntityManagerFactoryBean : Initialized JPA EntityManagerFactory for persistence unit 'default'
2022-07-07 17:43:42.629  WARN 10320 --- [main] JpaBaseConfiguration$JpaWebConfiguration : spring.jpa.open-in-view is enabled by default. Therefore, database queries may be performed during view rendering. Explicitly configure spring.jpa.open-in-view to disable this warning
2022-07-07 17:43:43.302  INFO 10320 --- [main] o.s.b.a.e.web.EndpointLinksResolver      : Exposing 1 endpoint(s) beneath base path '/actuator'
2022-07-07 17:43:43.414  INFO 10320 --- [main] o.s.b.w.embedded.tomcat.TomcatWebServer  : Tomcat started on port(s): 9099 (http) with context path ''
2022-07-07 17:43:43.446  INFO 10320 --- [main] com.home.books.BooksApplication          : Started BooksApplication in 10.725 seconds (JVM running for 11.746)
2022-07-07 17:43:56.960  INFO 10320 --- [SpringApplicationShutdownHook] j.LocalContainerEntityManagerFactoryBean : Closing JPA EntityManagerFactory for persistence unit 'default'
2022-07-07 17:43:56.976  INFO 10320 --- [SpringApplicationShutdownHook] com.zaxxer.hikari.HikariDataSource       : HikariPool-1 - Shutdown initiated...
2022-07-07 17:43:57.007  INFO 10320 --- [SpringApplicationShutdownHook] com.zaxxer.hikari.HikariDataSource       : HikariPool-1 - Shutdown completed.
2022-07-07 17:45:48.622  INFO 8800 --- [main] com.home.books.BooksApplicationTests     : Starting BooksApplicationTests using Java 1.8.0_271 on LAPTOP-LMLI7604 with PID 8800 (started by myclo in D:\Spring_HomeLibrarySystem\books)
2022-07-07 17:45:48.622  INFO 8800 --- [main] com.home.books.BooksApplicationTests     : No active profile set, falling back to 1 default profile: "default"
2022-07-07 17:45:50.769  INFO 8800 --- [main] .s.d.r.c.RepositoryConfigurationDelegate : Bootstrapping Spring Data JPA repositories in DEFAULT mode.
2022-07-07 17:45:50.956  INFO 8800 --- [main] .s.d.r.c.RepositoryConfigurationDelegate : Finished Spring Data repository scanning in 170 ms. Found 3 JPA repository interfaces.
2022-07-07 17:45:53.288  INFO 8800 --- [main] o.hibernate.jpa.internal.util.LogHelper  : HHH000204: Processing PersistenceUnitInfo [name: default]
2022-07-07 17:45:53.460  INFO 8800 --- [main] org.hibernate.Version                    : HHH000412: Hibernate ORM core version 5.6.9.Final
2022-07-07 17:45:53.991  INFO 8800 --- [main] o.hibernate.annotations.common.Version   : HCANN000001: Hibernate Commons Annotations {5.1.2.Final}
2022-07-07 17:45:54.994  INFO 8800 --- [main] com.zaxxer.hikari.HikariDataSource       : HikariPool-1 - Starting...
2022-07-07 17:45:57.663  INFO 8800 --- [main] com.zaxxer.hikari.HikariDataSource       : HikariPool-1 - Start completed.
2022-07-07 17:45:57.726  INFO 8800 --- [main] org.hibernate.dialect.Dialect            : HHH000400: Using dialect: org.hibernate.dialect.MySQL8Dialect
2022-07-07 17:46:01.042  INFO 8800 --- [main] o.h.e.t.j.p.i.JtaPlatformInitiator       : HHH000490: Using JtaPlatform implementation: [org.hibernate.engine.transaction.jta.platform.internal.NoJtaPlatform]
2022-07-07 17:46:01.090  INFO 8800 --- [main] j.LocalContainerEntityManagerFactoryBean : Initialized JPA EntityManagerFactory for persistence unit 'default'
2022-07-07 17:46:03.529  WARN 8800 --- [main] JpaBaseConfiguration$JpaWebConfiguration : spring.jpa.open-in-view is enabled by default. Therefore, database queries may be performed during view rendering. Explicitly configure spring.jpa.open-in-view to disable this warning
2022-07-07 17:46:06.802  INFO 8800 --- [main] o.s.b.a.e.web.EndpointLinksResolver      : Exposing 1 endpoint(s) beneath base path '/actuator'
2022-07-07 17:46:06.974  INFO 8800 --- [main] com.home.books.BooksApplicationTests     : Started BooksApplicationTests in 19.087 seconds (JVM running for 21.176)
2022-07-07 17:46:07.499  INFO 8800 --- [main] .b.t.c.SpringBootTestContextBootstrapper : Neither @ContextConfiguration nor @ContextHierarchy found for test class [com.home.books.HomeLibraryTest], using SpringBootContextLoader
2022-07-07 17:46:07.499  INFO 8800 --- [main] o.s.t.c.support.AbstractContextLoader    : Could not detect default resource locations for test class [com.home.books.HomeLibraryTest]: no resource found for suffixes {-context.xml, Context.groovy}.
2022-07-07 17:46:07.499  INFO 8800 --- [main] t.c.s.AnnotationConfigContextLoaderUtils : Could not detect default configuration classes for test class [com.home.books.HomeLibraryTest]: HomeLibraryTest does not declare any static, non-private, non-final, nested classes annotated with @Configuration.
2022-07-07 17:46:07.611  INFO 8800 --- [main] .b.t.c.SpringBootTestContextBootstrapper : Found @SpringBootConfiguration com.home.books.BooksApplication for test class com.home.books.HomeLibraryTest
2022-07-07 17:46:07.611  INFO 8800 --- [main] .b.t.c.SpringBootTestContextBootstrapper : Loaded default TestExecutionListener class names from location [META-INF/spring.factories]: [org.springframework.boot.test.mock.mockito.MockitoTestExecutionListener, org.springframework.boot.test.mock.mockito.ResetMocksTestExecutionListener, org.springframework.boot.test.autoconfigure.restdocs.RestDocsTestExecutionListener, org.springframework.boot.test.autoconfigure.web.client.MockRestServiceServerResetTestExecutionListener, org.springframework.boot.test.autoconfigure.web.servlet.MockMvcPrintOnlyOnFailureTestExecutionListener, org.springframework.boot.test.autoconfigure.web.servlet.WebDriverTestExecutionListener, org.springframework.boot.test.autoconfigure.webservices.client.MockWebServiceServerTestExecutionListener, org.springframework.test.context.web.ServletTestExecutionListener, org.springframework.test.context.support.DirtiesContextBeforeModesTestExecutionListener, org.springframework.test.context.event.ApplicationEventsTestExecutionListener, org.springframework.test.context.support.DependencyInjectionTestExecutionListener, org.springframework.test.context.support.DirtiesContextTestExecutionListener, org.springframework.test.context.transaction.TransactionalTestExecutionListener, org.springframework.test.context.jdbc.SqlScriptsTestExecutionListener, org.springframework.test.context.event.EventPublishingTestExecutionListener]
2022-07-07 17:46:07.674  INFO 8800 --- [main] .b.t.c.SpringBootTestContextBootstrapper : Using TestExecutionListeners: [org.springframework.test.context.web.ServletTestExecutionListener@25f14e93, org.springframework.test.context.support.DirtiesContextBeforeModesTestExecutionListener@24435620, org.springframework.test.context.event.ApplicationEventsTestExecutionListener@4c02899, org.springframework.boot.test.mock.mockito.MockitoTestExecutionListener@5b895e76, org.springframework.boot.test.autoconfigure.SpringBootDependencyInjectionTestExecutionListener@74231642, org.springframework.test.context.support.DirtiesContextTestExecutionListener@4a6facb0, org.springframework.test.context.transaction.TransactionalTestExecutionListener@4feec184, org.springframework.test.context.jdbc.SqlScriptsTestExecutionListener@5e055ce1, org.springframework.test.context.event.EventPublishingTestExecutionListener@3278d065, org.springframework.boot.test.mock.mockito.ResetMocksTestExecutionListener@545f0b6, org.springframework.boot.test.autoconfigure.restdocs.RestDocsTestExecutionListener@3c9ef37b, org.springframework.boot.test.autoconfigure.web.client.MockRestServiceServerResetTestExecutionListener@4888425d, org.springframework.boot.test.autoconfigure.web.servlet.MockMvcPrintOnlyOnFailureTestExecutionListener@3c8758d1, org.springframework.boot.test.autoconfigure.web.servlet.WebDriverTestExecutionListener@166ddfb7, org.springframework.boot.test.autoconfigure.webservices.client.MockWebServiceServerTestExecutionListener@5da3f32a]
2022-07-07 17:46:08.072  INFO 8800 --- [main] com.home.books.HomeLibraryTest           : Starting HomeLibraryTest using Java 1.8.0_271 on LAPTOP-LMLI7604 with PID 8800 (started by myclo in D:\Spring_HomeLibrarySystem\books)
2022-07-07 17:46:08.072  INFO 8800 --- [main] com.home.books.HomeLibraryTest           : No active profile set, falling back to 1 default profile: "default"
2022-07-07 17:46:09.370  INFO 8800 --- [main] .s.d.r.c.RepositoryConfigurationDelegate : Bootstrapping Spring Data JPA repositories in DEFAULT mode.
2022-07-07 17:46:09.429  INFO 8800 --- [main] .s.d.r.c.RepositoryConfigurationDelegate : Finished Spring Data repository scanning in 40 ms. Found 3 JPA repository interfaces.
2022-07-07 17:46:10.232  INFO 8800 --- [main] o.hibernate.jpa.internal.util.LogHelper  : HHH000204: Processing PersistenceUnitInfo [name: default]
2022-07-07 17:46:10.258  INFO 8800 --- [main] com.zaxxer.hikari.HikariDataSource       : HikariPool-2 - Starting...
2022-07-07 17:46:10.362  INFO 8800 --- [main] com.zaxxer.hikari.HikariDataSource       : HikariPool-2 - Start completed.
2022-07-07 17:46:10.362  INFO 8800 --- [main] org.hibernate.dialect.Dialect            : HHH000400: Using dialect: org.hibernate.dialect.MySQL8Dialect
2022-07-07 17:46:10.629  INFO 8800 --- [main] o.h.e.t.j.p.i.JtaPlatformInitiator       : HHH000490: Using JtaPlatform implementation: [org.hibernate.engine.transaction.jta.platform.internal.NoJtaPlatform]
2022-07-07 17:46:10.629  INFO 8800 --- [main] j.LocalContainerEntityManagerFactoryBean : Initialized JPA EntityManagerFactory for persistence unit 'default'
2022-07-07 17:46:11.703  WARN 8800 --- [main] JpaBaseConfiguration$JpaWebConfiguration : spring.jpa.open-in-view is enabled by default. Therefore, database queries may be performed during view rendering. Explicitly configure spring.jpa.open-in-view to disable this warning
2022-07-07 17:46:14.386  INFO 8800 --- [main] o.s.b.t.m.w.SpringBootMockServletContext : Initializing Spring TestDispatcherServlet ''
2022-07-07 17:46:14.386  INFO 8800 --- [main] o.s.t.web.servlet.TestDispatcherServlet  : Initializing Servlet ''
2022-07-07 17:46:14.425  INFO 8800 --- [main] o.s.b.a.e.web.EndpointLinksResolver      : Exposing 1 endpoint(s) beneath base path '/actuator'
2022-07-07 17:46:14.572  INFO 8800 --- [main] o.s.t.web.servlet.TestDispatcherServlet  : Completed initialization in 186 ms
2022-07-07 17:46:14.692  INFO 8800 --- [main] com.home.books.HomeLibraryTest           : Started HomeLibraryTest in 7.011 seconds (JVM running for 28.894)
2022-07-07 17:46:15.005  INFO 8800 --- [SpringApplicationShutdownHook] j.LocalContainerEntityManagerFactoryBean : Closing JPA EntityManagerFactory for persistence unit 'default'
2022-07-07 17:46:15.020  INFO 8800 --- [SpringApplicationShutdownHook] com.zaxxer.hikari.HikariDataSource       : HikariPool-1 - Shutdown initiated...
2022-07-07 17:46:15.067  INFO 8800 --- [SpringApplicationShutdownHook] com.zaxxer.hikari.HikariDataSource       : HikariPool-1 - Shutdown completed.
2022-07-07 17:46:15.079  INFO 8800 --- [SpringApplicationShutdownHook] j.LocalContainerEntityManagerFactoryBean : Closing JPA EntityManagerFactory for persistence unit 'default'
2022-07-07 17:46:15.079  INFO 8800 --- [SpringApplicationShutdownHook] com.zaxxer.hikari.HikariDataSource       : HikariPool-2 - Shutdown initiated...
2022-07-07 17:46:15.111  INFO 8800 --- [SpringApplicationShutdownHook] com.zaxxer.hikari.HikariDataSource       : HikariPool-2 - Shutdown completed.
2022-07-07 17:48:37.870  INFO 18244 --- [main] com.home.books.BooksApplicationTests     : Starting BooksApplicationTests using Java 1.8.0_271 on LAPTOP-LMLI7604 with PID 18244 (started by myclo in D:\Spring_HomeLibrarySystem\books)
2022-07-07 17:48:37.885  INFO 18244 --- [main] com.home.books.BooksApplicationTests     : No active profile set, falling back to 1 default profile: "default"
2022-07-07 17:48:39.912  INFO 18244 --- [main] .s.d.r.c.RepositoryConfigurationDelegate : Bootstrapping Spring Data JPA repositories in DEFAULT mode.
2022-07-07 17:48:40.021  INFO 18244 --- [main] .s.d.r.c.RepositoryConfigurationDelegate : Finished Spring Data repository scanning in 100 ms. Found 3 JPA repository interfaces.
2022-07-07 17:48:43.188  INFO 18244 --- [main] o.hibernate.jpa.internal.util.LogHelper  : HHH000204: Processing PersistenceUnitInfo [name: default]
2022-07-07 17:48:43.438  INFO 18244 --- [main] org.hibernate.Version                    : HHH000412: Hibernate ORM core version 5.6.9.Final
2022-07-07 17:48:44.373  INFO 18244 --- [main] o.hibernate.annotations.common.Version   : HCANN000001: Hibernate Commons Annotations {5.1.2.Final}
2022-07-07 17:48:45.231  INFO 18244 --- [main] com.zaxxer.hikari.HikariDataSource       : HikariPool-1 - Starting...
2022-07-07 17:48:47.121  INFO 18244 --- [main] com.zaxxer.hikari.HikariDataSource       : HikariPool-1 - Start completed.
2022-07-07 17:48:47.152  INFO 18244 --- [main] org.hibernate.dialect.Dialect            : HHH000400: Using dialect: org.hibernate.dialect.MySQL8Dialect
2022-07-07 17:48:49.719  INFO 18244 --- [main] o.h.e.t.j.p.i.JtaPlatformInitiator       : HHH000490: Using JtaPlatform implementation: [org.hibernate.engine.transaction.jta.platform.internal.NoJtaPlatform]
2022-07-07 17:48:49.755  INFO 18244 --- [main] j.LocalContainerEntityManagerFactoryBean : Initialized JPA EntityManagerFactory for persistence unit 'default'
2022-07-07 17:48:52.709  WARN 18244 --- [main] JpaBaseConfiguration$JpaWebConfiguration : spring.jpa.open-in-view is enabled by default. Therefore, database queries may be performed during view rendering. Explicitly configure spring.jpa.open-in-view to disable this warning
2022-07-07 17:48:58.340  INFO 18244 --- [main] o.s.b.a.e.web.EndpointLinksResolver      : Exposing 1 endpoint(s) beneath base path '/actuator'
2022-07-07 17:48:58.663  INFO 18244 --- [main] com.home.books.BooksApplicationTests     : Started BooksApplicationTests in 21.397 seconds (JVM running for 24.495)
2022-07-07 17:48:59.193  INFO 18244 --- [main] .b.t.c.SpringBootTestContextBootstrapper : Neither @ContextConfiguration nor @ContextHierarchy found for test class [com.home.books.HomeLibraryTest], using SpringBootContextLoader
2022-07-07 17:48:59.193  INFO 18244 --- [main] o.s.t.c.support.AbstractContextLoader    : Could not detect default resource locations for test class [com.home.books.HomeLibraryTest]: no resource found for suffixes {-context.xml, Context.groovy}.
2022-07-07 17:48:59.193  INFO 18244 --- [main] t.c.s.AnnotationConfigContextLoaderUtils : Could not detect default configuration classes for test class [com.home.books.HomeLibraryTest]: HomeLibraryTest does not declare any static, non-private, non-final, nested classes annotated with @Configuration.
2022-07-07 17:48:59.224  INFO 18244 --- [main] .b.t.c.SpringBootTestContextBootstrapper : Found @SpringBootConfiguration com.home.books.BooksApplication for test class com.home.books.HomeLibraryTest
2022-07-07 17:48:59.224  INFO 18244 --- [main] .b.t.c.SpringBootTestContextBootstrapper : Loaded default TestExecutionListener class names from location [META-INF/spring.factories]: [org.springframework.boot.test.mock.mockito.MockitoTestExecutionListener, org.springframework.boot.test.mock.mockito.ResetMocksTestExecutionListener, org.springframework.boot.test.autoconfigure.restdocs.RestDocsTestExecutionListener, org.springframework.boot.test.autoconfigure.web.client.MockRestServiceServerResetTestExecutionListener, org.springframework.boot.test.autoconfigure.web.servlet.MockMvcPrintOnlyOnFailureTestExecutionListener, org.springframework.boot.test.autoconfigure.web.servlet.WebDriverTestExecutionListener, org.springframework.boot.test.autoconfigure.webservices.client.MockWebServiceServerTestExecutionListener, org.springframework.test.context.web.ServletTestExecutionListener, org.springframework.test.context.support.DirtiesContextBeforeModesTestExecutionListener, org.springframework.test.context.event.ApplicationEventsTestExecutionListener, org.springframework.test.context.support.DependencyInjectionTestExecutionListener, org.springframework.test.context.support.DirtiesContextTestExecutionListener, org.springframework.test.context.transaction.TransactionalTestExecutionListener, org.springframework.test.context.jdbc.SqlScriptsTestExecutionListener, org.springframework.test.context.event.EventPublishingTestExecutionListener]
2022-07-07 17:48:59.302  INFO 18244 --- [main] .b.t.c.SpringBootTestContextBootstrapper : Using TestExecutionListeners: [org.springframework.test.context.web.ServletTestExecutionListener@cef885d, org.springframework.test.context.support.DirtiesContextBeforeModesTestExecutionListener@35d4035f, org.springframework.test.context.event.ApplicationEventsTestExecutionListener@6f4fc83f, org.springframework.boot.test.mock.mockito.MockitoTestExecutionListener@66b90ab3, org.springframework.boot.test.autoconfigure.SpringBootDependencyInjectionTestExecutionListener@16e4db59, org.springframework.test.context.support.DirtiesContextTestExecutionListener@33fec21, org.springframework.test.context.transaction.TransactionalTestExecutionListener@12a0d249, org.springframework.test.context.jdbc.SqlScriptsTestExecutionListener@3c62be3c, org.springframework.test.context.event.EventPublishingTestExecutionListener@c6c84fa, org.springframework.boot.test.mock.mockito.ResetMocksTestExecutionListener@70ce2fb2, org.springframework.boot.test.autoconfigure.restdocs.RestDocsTestExecutionListener@64688978, org.springframework.boot.test.autoconfigure.web.client.MockRestServiceServerResetTestExecutionListener@4d525897, org.springframework.boot.test.autoconfigure.web.servlet.MockMvcPrintOnlyOnFailureTestExecutionListener@25f14e93, org.springframework.boot.test.autoconfigure.web.servlet.WebDriverTestExecutionListener@24435620, org.springframework.boot.test.autoconfigure.webservices.client.MockWebServiceServerTestExecutionListener@4c02899]
2022-07-07 17:48:59.436  INFO 18244 --- [main] com.home.books.HomeLibraryTest           : Starting HomeLibraryTest using Java 1.8.0_271 on LAPTOP-LMLI7604 with PID 18244 (started by myclo in D:\Spring_HomeLibrarySystem\books)
2022-07-07 17:48:59.436  INFO 18244 --- [main] com.home.books.HomeLibraryTest           : No active profile set, falling back to 1 default profile: "default"
2022-07-07 17:49:01.682  INFO 18244 --- [main] .s.d.r.c.RepositoryConfigurationDelegate : Bootstrapping Spring Data JPA repositories in DEFAULT mode.
2022-07-07 17:49:01.736  INFO 18244 --- [main] .s.d.r.c.RepositoryConfigurationDelegate : Finished Spring Data repository scanning in 59 ms. Found 3 JPA repository interfaces.
2022-07-07 17:49:03.844  INFO 18244 --- [main] o.hibernate.jpa.internal.util.LogHelper  : HHH000204: Processing PersistenceUnitInfo [name: default]
2022-07-07 17:49:03.936  INFO 18244 --- [main] com.zaxxer.hikari.HikariDataSource       : HikariPool-2 - Starting...
2022-07-07 17:49:04.070  INFO 18244 --- [main] com.zaxxer.hikari.HikariDataSource       : HikariPool-2 - Start completed.
2022-07-07 17:49:04.070  INFO 18244 --- [main] org.hibernate.dialect.Dialect            : HHH000400: Using dialect: org.hibernate.dialect.MySQL8Dialect
2022-07-07 17:49:04.454  INFO 18244 --- [main] o.h.e.t.j.p.i.JtaPlatformInitiator       : HHH000490: Using JtaPlatform implementation: [org.hibernate.engine.transaction.jta.platform.internal.NoJtaPlatform]
2022-07-07 17:49:04.458  INFO 18244 --- [main] j.LocalContainerEntityManagerFactoryBean : Initialized JPA EntityManagerFactory for persistence unit 'default'
2022-07-07 17:49:07.522  WARN 18244 --- [main] JpaBaseConfiguration$JpaWebConfiguration : spring.jpa.open-in-view is enabled by default. Therefore, database queries may be performed during view rendering. Explicitly configure spring.jpa.open-in-view to disable this warning
2022-07-07 17:49:13.337  INFO 18244 --- [main] o.s.b.t.m.w.SpringBootMockServletContext : Initializing Spring TestDispatcherServlet ''
2022-07-07 17:49:13.337  INFO 18244 --- [main] o.s.t.web.servlet.TestDispatcherServlet  : Initializing Servlet ''
2022-07-07 17:49:13.368  INFO 18244 --- [main] o.s.b.a.e.web.EndpointLinksResolver      : Exposing 1 endpoint(s) beneath base path '/actuator'
2022-07-07 17:49:13.583  INFO 18244 --- [main] o.s.t.web.servlet.TestDispatcherServlet  : Completed initialization in 246 ms
2022-07-07 17:49:13.740  INFO 18244 --- [main] com.home.books.HomeLibraryTest           : Started HomeLibraryTest in 14.421 seconds (JVM running for 39.572)
2022-07-07 17:49:14.178  INFO 18244 --- [SpringApplicationShutdownHook] j.LocalContainerEntityManagerFactoryBean : Closing JPA EntityManagerFactory for persistence unit 'default'
2022-07-07 17:49:14.194  INFO 18244 --- [SpringApplicationShutdownHook] com.zaxxer.hikari.HikariDataSource       : HikariPool-1 - Shutdown initiated...
2022-07-07 17:49:14.288  INFO 18244 --- [SpringApplicationShutdownHook] com.zaxxer.hikari.HikariDataSource       : HikariPool-1 - Shutdown completed.
2022-07-07 17:49:14.303  INFO 18244 --- [SpringApplicationShutdownHook] j.LocalContainerEntityManagerFactoryBean : Closing JPA EntityManagerFactory for persistence unit 'default'
2022-07-07 17:49:14.303  INFO 18244 --- [SpringApplicationShutdownHook] com.zaxxer.hikari.HikariDataSource       : HikariPool-2 - Shutdown initiated...
2022-07-07 17:49:14.376  INFO 18244 --- [SpringApplicationShutdownHook] com.zaxxer.hikari.HikariDataSource       : HikariPool-2 - Shutdown completed.
2022-07-07 17:51:26.084  INFO 25976 --- [main] com.home.books.BooksApplication          : Starting BooksApplication using Java 1.8.0_271 on LAPTOP-LMLI7604 with PID 25976 (D:\Spring_HomeLibrarySystem\books\target\classes started by myclo in D:\Spring_HomeLibrarySystem\books)
2022-07-07 17:51:26.100  INFO 25976 --- [main] com.home.books.BooksApplication          : No active profile set, falling back to 1 default profile: "default"
2022-07-07 17:51:29.334  INFO 25976 --- [main] .s.d.r.c.RepositoryConfigurationDelegate : Bootstrapping Spring Data JPA repositories in DEFAULT mode.
2022-07-07 17:51:29.513  INFO 25976 --- [main] .s.d.r.c.RepositoryConfigurationDelegate : Finished Spring Data repository scanning in 151 ms. Found 3 JPA repository interfaces.
2022-07-07 17:51:32.605  INFO 25976 --- [main] o.s.b.w.embedded.tomcat.TomcatWebServer  : Tomcat initialized with port(s): 9099 (http)
2022-07-07 17:51:32.620  INFO 25976 --- [main] o.apache.catalina.core.StandardService   : Starting service [Tomcat]
2022-07-07 17:51:32.620  INFO 25976 --- [main] org.apache.catalina.core.StandardEngine  : Starting Servlet engine: [Apache Tomcat/9.0.64]
2022-07-07 17:51:33.096  INFO 25976 --- [main] o.a.c.c.C.[Tomcat].[localhost].[/]       : Initializing Spring embedded WebApplicationContext
2022-07-07 17:51:33.096  INFO 25976 --- [main] w.s.c.ServletWebServerApplicationContext : Root WebApplicationContext: initialization completed in 6267 ms
2022-07-07 17:51:34.541  INFO 25976 --- [main] o.hibernate.jpa.internal.util.LogHelper  : HHH000204: Processing PersistenceUnitInfo [name: default]
2022-07-07 17:51:34.692  INFO 25976 --- [main] org.hibernate.Version                    : HHH000412: Hibernate ORM core version 5.6.9.Final
2022-07-07 17:51:35.144  INFO 25976 --- [main] o.hibernate.annotations.common.Version   : HCANN000001: Hibernate Commons Annotations {5.1.2.Final}
2022-07-07 17:51:35.538  INFO 25976 --- [main] com.zaxxer.hikari.HikariDataSource       : HikariPool-1 - Starting...
2022-07-07 17:51:37.093  INFO 25976 --- [main] com.zaxxer.hikari.HikariDataSource       : HikariPool-1 - Start completed.
2022-07-07 17:51:37.125  INFO 25976 --- [main] org.hibernate.dialect.Dialect            : HHH000400: Using dialect: org.hibernate.dialect.MySQL8Dialect
2022-07-07 17:51:39.347  INFO 25976 --- [main] o.h.e.t.j.p.i.JtaPlatformInitiator       : HHH000490: Using JtaPlatform implementation: [org.hibernate.engine.transaction.jta.platform.internal.NoJtaPlatform]
2022-07-07 17:51:39.394  INFO 25976 --- [main] j.LocalContainerEntityManagerFactoryBean : Initialized JPA EntityManagerFactory for persistence unit 'default'
2022-07-07 17:51:40.460  WARN 25976 --- [main] JpaBaseConfiguration$JpaWebConfiguration : spring.jpa.open-in-view is enabled by default. Therefore, database queries may be performed during view rendering. Explicitly configure spring.jpa.open-in-view to disable this warning
2022-07-07 17:51:41.506  INFO 25976 --- [main] o.s.b.a.e.web.EndpointLinksResolver      : Exposing 1 endpoint(s) beneath base path '/actuator'
2022-07-07 17:51:41.691  INFO 25976 --- [main] o.s.b.w.embedded.tomcat.TomcatWebServer  : Tomcat started on port(s): 9099 (http) with context path ''
2022-07-07 17:51:41.754  INFO 25976 --- [main] com.home.books.BooksApplication          : Started BooksApplication in 18.001 seconds (JVM running for 20.111)
2022-07-07 18:08:42.039  INFO 4940 --- [main] com.home.books.BooksApplicationTests     : Starting BooksApplicationTests using Java 1.8.0_271 on LAPTOP-LMLI7604 with PID 4940 (started by myclo in D:\Spring_HomeLibrarySystem\books)
2022-07-07 18:08:42.039  INFO 4940 --- [main] com.home.books.BooksApplicationTests     : No active profile set, falling back to 1 default profile: "default"
2022-07-07 18:08:43.913  INFO 4940 --- [main] .s.d.r.c.RepositoryConfigurationDelegate : Bootstrapping Spring Data JPA repositories in DEFAULT mode.
2022-07-07 18:08:44.038  INFO 4940 --- [main] .s.d.r.c.RepositoryConfigurationDelegate : Finished Spring Data repository scanning in 112 ms. Found 3 JPA repository interfaces.
2022-07-07 18:08:47.430  INFO 4940 --- [main] o.hibernate.jpa.internal.util.LogHelper  : HHH000204: Processing PersistenceUnitInfo [name: default]
2022-07-07 18:08:47.571  INFO 4940 --- [main] org.hibernate.Version                    : HHH000412: Hibernate ORM core version 5.6.9.Final
2022-07-07 18:08:47.983  INFO 4940 --- [main] o.hibernate.annotations.common.Version   : HCANN000001: Hibernate Commons Annotations {5.1.2.Final}
2022-07-07 18:08:48.889  INFO 4940 --- [main] com.zaxxer.hikari.HikariDataSource       : HikariPool-1 - Starting...
2022-07-07 18:08:50.706  INFO 4940 --- [main] com.zaxxer.hikari.HikariDataSource       : HikariPool-1 - Start completed.
2022-07-07 18:08:50.737  INFO 4940 --- [main] org.hibernate.dialect.Dialect            : HHH000400: Using dialect: org.hibernate.dialect.MySQL8Dialect
2022-07-07 18:08:52.984  INFO 4940 --- [main] o.h.e.t.j.p.i.JtaPlatformInitiator       : HHH000490: Using JtaPlatform implementation: [org.hibernate.engine.transaction.jta.platform.internal.NoJtaPlatform]
2022-07-07 18:08:52.999  INFO 4940 --- [main] j.LocalContainerEntityManagerFactoryBean : Initialized JPA EntityManagerFactory for persistence unit 'default'
2022-07-07 18:08:55.155  WARN 4940 --- [main] JpaBaseConfiguration$JpaWebConfiguration : spring.jpa.open-in-view is enabled by default. Therefore, database queries may be performed during view rendering. Explicitly configure spring.jpa.open-in-view to disable this warning
2022-07-07 18:08:58.964  INFO 4940 --- [main] o.s.b.a.e.web.EndpointLinksResolver      : Exposing 1 endpoint(s) beneath base path '/actuator'
2022-07-07 18:08:59.369  INFO 4940 --- [main] com.home.books.BooksApplicationTests     : Started BooksApplicationTests in 18.157 seconds (JVM running for 20.852)
2022-07-07 18:08:59.937  INFO 4940 --- [main] .b.t.c.SpringBootTestContextBootstrapper : Neither @ContextConfiguration nor @ContextHierarchy found for test class [com.home.books.HomeLibraryTest], using SpringBootContextLoader
2022-07-07 18:08:59.937  INFO 4940 --- [main] o.s.t.c.support.AbstractContextLoader    : Could not detect default resource locations for test class [com.home.books.HomeLibraryTest]: no resource found for suffixes {-context.xml, Context.groovy}.
2022-07-07 18:08:59.937  INFO 4940 --- [main] t.c.s.AnnotationConfigContextLoaderUtils : Could not detect default configuration classes for test class [com.home.books.HomeLibraryTest]: HomeLibraryTest does not declare any static, non-private, non-final, nested classes annotated with @Configuration.
2022-07-07 18:09:00.031  INFO 4940 --- [main] .b.t.c.SpringBootTestContextBootstrapper : Found @SpringBootConfiguration com.home.books.BooksApplication for test class com.home.books.HomeLibraryTest
2022-07-07 18:09:00.077  INFO 4940 --- [main] .b.t.c.SpringBootTestContextBootstrapper : Loaded default TestExecutionListener class names from location [META-INF/spring.factories]: [org.springframework.boot.test.mock.mockito.MockitoTestExecutionListener, org.springframework.boot.test.mock.mockito.ResetMocksTestExecutionListener, org.springframework.boot.test.autoconfigure.restdocs.RestDocsTestExecutionListener, org.springframework.boot.test.autoconfigure.web.client.MockRestServiceServerResetTestExecutionListener, org.springframework.boot.test.autoconfigure.web.servlet.MockMvcPrintOnlyOnFailureTestExecutionListener, org.springframework.boot.test.autoconfigure.web.servlet.WebDriverTestExecutionListener, org.springframework.boot.test.autoconfigure.webservices.client.MockWebServiceServerTestExecutionListener, org.springframework.test.context.web.ServletTestExecutionListener, org.springframework.test.context.support.DirtiesContextBeforeModesTestExecutionListener, org.springframework.test.context.event.ApplicationEventsTestExecutionListener, org.springframework.test.context.support.DependencyInjectionTestExecutionListener, org.springframework.test.context.support.DirtiesContextTestExecutionListener, org.springframework.test.context.transaction.TransactionalTestExecutionListener, org.springframework.test.context.jdbc.SqlScriptsTestExecutionListener, org.springframework.test.context.event.EventPublishingTestExecutionListener]
2022-07-07 18:09:00.077  INFO 4940 --- [main] .b.t.c.SpringBootTestContextBootstrapper : Using TestExecutionListeners: [org.springframework.test.context.web.ServletTestExecutionListener@3c9ef37b, org.springframework.test.context.support.DirtiesContextBeforeModesTestExecutionListener@4888425d, org.springframework.test.context.event.ApplicationEventsTestExecutionListener@3c8758d1, org.springframework.boot.test.mock.mockito.MockitoTestExecutionListener@166ddfb7, org.springframework.boot.test.autoconfigure.SpringBootDependencyInjectionTestExecutionListener@5da3f32a, org.springframework.test.context.support.DirtiesContextTestExecutionListener@57b3d869, org.springframework.test.context.transaction.TransactionalTestExecutionListener@51f4439e, org.springframework.test.context.jdbc.SqlScriptsTestExecutionListener@291cbe70, org.springframework.test.context.event.EventPublishingTestExecutionListener@6be422da, org.springframework.boot.test.mock.mockito.ResetMocksTestExecutionListener@225ddf5f, org.springframework.boot.test.autoconfigure.restdocs.RestDocsTestExecutionListener@51468039, org.springframework.boot.test.autoconfigure.web.client.MockRestServiceServerResetTestExecutionListener@1d654b5f, org.springframework.boot.test.autoconfigure.web.servlet.MockMvcPrintOnlyOnFailureTestExecutionListener@575d48db, org.springframework.boot.test.autoconfigure.web.servlet.WebDriverTestExecutionListener@1b36d248, org.springframework.boot.test.autoconfigure.webservices.client.MockWebServiceServerTestExecutionListener@7e94de5f]
2022-07-07 18:09:00.315  INFO 4940 --- [main] com.home.books.HomeLibraryTest           : Starting HomeLibraryTest using Java 1.8.0_271 on LAPTOP-LMLI7604 with PID 4940 (started by myclo in D:\Spring_HomeLibrarySystem\books)
2022-07-07 18:09:00.315  INFO 4940 --- [main] com.home.books.HomeLibraryTest           : No active profile set, falling back to 1 default profile: "default"
2022-07-07 18:09:01.374  INFO 4940 --- [main] .s.d.r.c.RepositoryConfigurationDelegate : Bootstrapping Spring Data JPA repositories in DEFAULT mode.
2022-07-07 18:09:01.465  INFO 4940 --- [main] .s.d.r.c.RepositoryConfigurationDelegate : Finished Spring Data repository scanning in 88 ms. Found 3 JPA repository interfaces.
2022-07-07 18:09:02.355  INFO 4940 --- [main] o.hibernate.jpa.internal.util.LogHelper  : HHH000204: Processing PersistenceUnitInfo [name: default]
2022-07-07 18:09:02.370  INFO 4940 --- [main] com.zaxxer.hikari.HikariDataSource       : HikariPool-2 - Starting...
2022-07-07 18:09:02.501  INFO 4940 --- [main] com.zaxxer.hikari.HikariDataSource       : HikariPool-2 - Start completed.
2022-07-07 18:09:02.517  INFO 4940 --- [main] org.hibernate.dialect.Dialect            : HHH000400: Using dialect: org.hibernate.dialect.MySQL8Dialect
2022-07-07 18:09:02.648  INFO 4940 --- [main] o.h.e.t.j.p.i.JtaPlatformInitiator       : HHH000490: Using JtaPlatform implementation: [org.hibernate.engine.transaction.jta.platform.internal.NoJtaPlatform]
2022-07-07 18:09:02.664  INFO 4940 --- [main] j.LocalContainerEntityManagerFactoryBean : Initialized JPA EntityManagerFactory for persistence unit 'default'
2022-07-07 18:09:04.004  WARN 4940 --- [main] JpaBaseConfiguration$JpaWebConfiguration : spring.jpa.open-in-view is enabled by default. Therefore, database queries may be performed during view rendering. Explicitly configure spring.jpa.open-in-view to disable this warning
2022-07-07 18:09:05.714  INFO 4940 --- [main] o.s.b.t.m.w.SpringBootMockServletContext : Initializing Spring TestDispatcherServlet ''
2022-07-07 18:09:05.714  INFO 4940 --- [main] o.s.t.web.servlet.TestDispatcherServlet  : Initializing Servlet ''
2022-07-07 18:09:05.730  INFO 4940 --- [main] o.s.b.a.e.web.EndpointLinksResolver      : Exposing 1 endpoint(s) beneath base path '/actuator'
2022-07-07 18:09:05.782  INFO 4940 --- [main] o.s.t.web.servlet.TestDispatcherServlet  : Completed initialization in 68 ms
2022-07-07 18:09:05.904  INFO 4940 --- [main] com.home.books.HomeLibraryTest           : Started HomeLibraryTest in 5.779 seconds (JVM running for 27.388)
2022-07-07 18:09:06.456  INFO 4940 --- [SpringApplicationShutdownHook] j.LocalContainerEntityManagerFactoryBean : Closing JPA EntityManagerFactory for persistence unit 'default'
2022-07-07 18:09:06.456  INFO 4940 --- [SpringApplicationShutdownHook] com.zaxxer.hikari.HikariDataSource       : HikariPool-1 - Shutdown initiated...
2022-07-07 18:09:06.503  INFO 4940 --- [SpringApplicationShutdownHook] com.zaxxer.hikari.HikariDataSource       : HikariPool-1 - Shutdown completed.
2022-07-07 18:09:06.523  INFO 4940 --- [SpringApplicationShutdownHook] j.LocalContainerEntityManagerFactoryBean : Closing JPA EntityManagerFactory for persistence unit 'default'
2022-07-07 18:09:06.523  INFO 4940 --- [SpringApplicationShutdownHook] com.zaxxer.hikari.HikariDataSource       : HikariPool-2 - Shutdown initiated...
2022-07-07 18:09:06.563  INFO 4940 --- [SpringApplicationShutdownHook] com.zaxxer.hikari.HikariDataSource       : HikariPool-2 - Shutdown completed.
2022-07-07 21:26:19.550  INFO 21708 --- [main] com.home.books.BooksApplicationTests     : Starting BooksApplicationTests using Java 1.8.0_271 on LAPTOP-LMLI7604 with PID 21708 (started by myclo in D:\Spring_HomeLibrarySystem\books)
2022-07-07 21:26:19.581  INFO 21708 --- [main] com.home.books.BooksApplicationTests     : No active profile set, falling back to 1 default profile: "default"
2022-07-07 21:26:22.155  INFO 21708 --- [main] .s.d.r.c.RepositoryConfigurationDelegate : Bootstrapping Spring Data JPA repositories in DEFAULT mode.
2022-07-07 21:26:22.295  INFO 21708 --- [main] .s.d.r.c.RepositoryConfigurationDelegate : Finished Spring Data repository scanning in 116 ms. Found 3 JPA repository interfaces.
2022-07-07 21:26:24.573  INFO 21708 --- [main] o.hibernate.jpa.internal.util.LogHelper  : HHH000204: Processing PersistenceUnitInfo [name: default]
2022-07-07 21:26:24.730  INFO 21708 --- [main] org.hibernate.Version                    : HHH000412: Hibernate ORM core version 5.6.9.Final
2022-07-07 21:26:25.547  INFO 21708 --- [main] o.hibernate.annotations.common.Version   : HCANN000001: Hibernate Commons Annotations {5.1.2.Final}
2022-07-07 21:26:26.670  INFO 21708 --- [main] com.zaxxer.hikari.HikariDataSource       : HikariPool-1 - Starting...
2022-07-07 21:26:28.902  INFO 21708 --- [main] com.zaxxer.hikari.HikariDataSource       : HikariPool-1 - Start completed.
2022-07-07 21:26:28.981  INFO 21708 --- [main] org.hibernate.dialect.Dialect            : HHH000400: Using dialect: org.hibernate.dialect.MySQL8Dialect
2022-07-07 21:26:31.328  INFO 21708 --- [main] o.h.e.t.j.p.i.JtaPlatformInitiator       : HHH000490: Using JtaPlatform implementation: [org.hibernate.engine.transaction.jta.platform.internal.NoJtaPlatform]
2022-07-07 21:26:31.359  INFO 21708 --- [main] j.LocalContainerEntityManagerFactoryBean : Initialized JPA EntityManagerFactory for persistence unit 'default'
2022-07-07 21:26:34.256  WARN 21708 --- [main] JpaBaseConfiguration$JpaWebConfiguration : spring.jpa.open-in-view is enabled by default. Therefore, database queries may be performed during view rendering. Explicitly configure spring.jpa.open-in-view to disable this warning
2022-07-07 21:26:39.888  INFO 21708 --- [main] o.s.b.a.e.web.EndpointLinksResolver      : Exposing 1 endpoint(s) beneath base path '/actuator'
2022-07-07 21:26:40.091  INFO 21708 --- [main] com.home.books.BooksApplicationTests     : Started BooksApplicationTests in 21.523 seconds (JVM running for 24.573)
2022-07-07 21:26:40.753  INFO 21708 --- [main] .b.t.c.SpringBootTestContextBootstrapper : Neither @ContextConfiguration nor @ContextHierarchy found for test class [com.home.books.HomeLibraryTest], using SpringBootContextLoader
2022-07-07 21:26:40.753  INFO 21708 --- [main] o.s.t.c.support.AbstractContextLoader    : Could not detect default resource locations for test class [com.home.books.HomeLibraryTest]: no resource found for suffixes {-context.xml, Context.groovy}.
2022-07-07 21:26:40.753  INFO 21708 --- [main] t.c.s.AnnotationConfigContextLoaderUtils : Could not detect default configuration classes for test class [com.home.books.HomeLibraryTest]: HomeLibraryTest does not declare any static, non-private, non-final, nested classes annotated with @Configuration.
2022-07-07 21:26:40.841  INFO 21708 --- [main] .b.t.c.SpringBootTestContextBootstrapper : Found @SpringBootConfiguration com.home.books.BooksApplication for test class com.home.books.HomeLibraryTest
2022-07-07 21:26:40.856  INFO 21708 --- [main] .b.t.c.SpringBootTestContextBootstrapper : Loaded default TestExecutionListener class names from location [META-INF/spring.factories]: [org.springframework.boot.test.mock.mockito.MockitoTestExecutionListener, org.springframework.boot.test.mock.mockito.ResetMocksTestExecutionListener, org.springframework.boot.test.autoconfigure.restdocs.RestDocsTestExecutionListener, org.springframework.boot.test.autoconfigure.web.client.MockRestServiceServerResetTestExecutionListener, org.springframework.boot.test.autoconfigure.web.servlet.MockMvcPrintOnlyOnFailureTestExecutionListener, org.springframework.boot.test.autoconfigure.web.servlet.WebDriverTestExecutionListener, org.springframework.boot.test.autoconfigure.webservices.client.MockWebServiceServerTestExecutionListener, org.springframework.test.context.web.ServletTestExecutionListener, org.springframework.test.context.support.DirtiesContextBeforeModesTestExecutionListener, org.springframework.test.context.event.ApplicationEventsTestExecutionListener, org.springframework.test.context.support.DependencyInjectionTestExecutionListener, org.springframework.test.context.support.DirtiesContextTestExecutionListener, org.springframework.test.context.transaction.TransactionalTestExecutionListener, org.springframework.test.context.jdbc.SqlScriptsTestExecutionListener, org.springframework.test.context.event.EventPublishingTestExecutionListener]
2022-07-07 21:26:40.856  INFO 21708 --- [main] .b.t.c.SpringBootTestContextBootstrapper : Using TestExecutionListeners: [org.springframework.test.context.web.ServletTestExecutionListener@1d654b5f, org.springframework.test.context.support.DirtiesContextBeforeModesTestExecutionListener@575d48db, org.springframework.test.context.event.ApplicationEventsTestExecutionListener@1b36d248, org.springframework.boot.test.mock.mockito.MockitoTestExecutionListener@7e94de5f, org.springframework.boot.test.autoconfigure.SpringBootDependencyInjectionTestExecutionListener@499c4d61, org.springframework.test.context.support.DirtiesContextTestExecutionListener@74badf19, org.springframework.test.context.transaction.TransactionalTestExecutionListener@59b3f754, org.springframework.test.context.jdbc.SqlScriptsTestExecutionListener@18dbc1b, org.springframework.test.context.event.EventPublishingTestExecutionListener@2a510e0e, org.springframework.boot.test.mock.mockito.ResetMocksTestExecutionListener@8315e4a, org.springframework.boot.test.autoconfigure.restdocs.RestDocsTestExecutionListener@4efe014f, org.springframework.boot.test.autoconfigure.web.client.MockRestServiceServerResetTestExecutionListener@22ff11ef, org.springframework.boot.test.autoconfigure.web.servlet.MockMvcPrintOnlyOnFailureTestExecutionListener@7c5ac0, org.springframework.boot.test.autoconfigure.web.servlet.WebDriverTestExecutionListener@23d978b, org.springframework.boot.test.autoconfigure.webservices.client.MockWebServiceServerTestExecutionListener@3cf70afa]
2022-07-07 21:26:41.044  INFO 21708 --- [main] com.home.books.HomeLibraryTest           : Starting HomeLibraryTest using Java 1.8.0_271 on LAPTOP-LMLI7604 with PID 21708 (started by myclo in D:\Spring_HomeLibrarySystem\books)
2022-07-07 21:26:41.044  INFO 21708 --- [main] com.home.books.HomeLibraryTest           : No active profile set, falling back to 1 default profile: "default"
2022-07-07 21:26:42.546  INFO 21708 --- [main] .s.d.r.c.RepositoryConfigurationDelegate : Bootstrapping Spring Data JPA repositories in DEFAULT mode.
2022-07-07 21:26:42.682  INFO 21708 --- [main] .s.d.r.c.RepositoryConfigurationDelegate : Finished Spring Data repository scanning in 108 ms. Found 3 JPA repository interfaces.
2022-07-07 21:26:43.610  INFO 21708 --- [main] o.hibernate.jpa.internal.util.LogHelper  : HHH000204: Processing PersistenceUnitInfo [name: default]
2022-07-07 21:26:43.631  INFO 21708 --- [main] com.zaxxer.hikari.HikariDataSource       : HikariPool-2 - Starting...
2022-07-07 21:26:43.765  INFO 21708 --- [main] com.zaxxer.hikari.HikariDataSource       : HikariPool-2 - Start completed.
2022-07-07 21:26:43.766  INFO 21708 --- [main] org.hibernate.dialect.Dialect            : HHH000400: Using dialect: org.hibernate.dialect.MySQL8Dialect
2022-07-07 21:26:43.962  INFO 21708 --- [main] o.h.e.t.j.p.i.JtaPlatformInitiator       : HHH000490: Using JtaPlatform implementation: [org.hibernate.engine.transaction.jta.platform.internal.NoJtaPlatform]
2022-07-07 21:26:43.968  INFO 21708 --- [main] j.LocalContainerEntityManagerFactoryBean : Initialized JPA EntityManagerFactory for persistence unit 'default'
2022-07-07 21:26:45.609  WARN 21708 --- [main] JpaBaseConfiguration$JpaWebConfiguration : spring.jpa.open-in-view is enabled by default. Therefore, database queries may be performed during view rendering. Explicitly configure spring.jpa.open-in-view to disable this warning
2022-07-07 21:26:49.632  INFO 21708 --- [main] o.s.b.t.m.w.SpringBootMockServletContext : Initializing Spring TestDispatcherServlet ''
2022-07-07 21:26:49.633  INFO 21708 --- [main] o.s.t.web.servlet.TestDispatcherServlet  : Initializing Servlet ''
2022-07-07 21:26:49.644  INFO 21708 --- [main] o.s.b.a.e.web.EndpointLinksResolver      : Exposing 1 endpoint(s) beneath base path '/actuator'
2022-07-07 21:26:49.816  INFO 21708 --- [main] o.s.t.web.servlet.TestDispatcherServlet  : Completed initialization in 182 ms
2022-07-07 21:26:49.894  INFO 21708 --- [main] com.home.books.HomeLibraryTest           : Started HomeLibraryTest in 9.025 seconds (JVM running for 34.37)
2022-07-07 21:26:50.588  INFO 21708 --- [SpringApplicationShutdownHook] j.LocalContainerEntityManagerFactoryBean : Closing JPA EntityManagerFactory for persistence unit 'default'
2022-07-07 21:26:50.593  INFO 21708 --- [SpringApplicationShutdownHook] com.zaxxer.hikari.HikariDataSource       : HikariPool-1 - Shutdown initiated...
2022-07-07 21:26:50.648  INFO 21708 --- [SpringApplicationShutdownHook] com.zaxxer.hikari.HikariDataSource       : HikariPool-1 - Shutdown completed.
2022-07-07 21:26:50.658  INFO 21708 --- [SpringApplicationShutdownHook] j.LocalContainerEntityManagerFactoryBean : Closing JPA EntityManagerFactory for persistence unit 'default'
2022-07-07 21:26:50.660  INFO 21708 --- [SpringApplicationShutdownHook] com.zaxxer.hikari.HikariDataSource       : HikariPool-2 - Shutdown initiated...
2022-07-07 21:26:50.700  INFO 21708 --- [SpringApplicationShutdownHook] com.zaxxer.hikari.HikariDataSource       : HikariPool-2 - Shutdown completed.
